Build started 03.01.2015 22:43:29.
     1>Project "C:\Users\Oleg\documents\visual studio 2013\Projects\SimplyServer\SimplyServer\SimplyServer.vcxproj" on node 2 (Build target(s)).
     1>ClCompile:
         C:\Program Files (x86)\Microsoft Visual Studio 12.0\VC\bin\CL.exe /c /I"C:\Users\Oleg\documents\visual studio 2013\Projects\SimplyServer\\boost" /AI"C:\Program Files (x86)\Reference Assemblies\Microsoft\Framework\.NETFramework\v4.0" /AI"C:\Program Files (x86)\Windows Kits\8.1\References\CommonConfiguration\Neutral" /Zi /clr /nologo /W3 /WX- /sdl /Od /Oy- /D _MBCS /Gm- /EHa /MDd /GS /fp:precise /Zc:wchar_t /Zc:forScope /Fo"Debug\\" /Fd"Debug\vc120.pdb" /Gd /TP /FU"C:\Program Files (x86)\Reference Assemblies\Microsoft\Framework\.NETFramework\v4.0\mscorlib.dll" /FU"C:\Program Files (x86)\Reference Assemblies\Microsoft\Framework\.NETFramework\v4.0\System.Data.dll" /FU"C:\Program Files (x86)\Reference Assemblies\Microsoft\Framework\.NETFramework\v4.0\System.dll" /FU"C:\Program Files (x86)\Reference Assemblies\Microsoft\Framework\.NETFramework\v4.0\System.Drawing.dll" /FU"C:\Program Files (x86)\Reference Assemblies\Microsoft\Framework\.NETFramework\v4.0\System.Windows.Forms.dll" /FU"C:\Program Files (x86)\Reference Assemblies\Microsoft\Framework\.NETFramework\v4.0\System.Xml.dll" /analyze- /errorReport:prompt /clr:nostdlib MyForm.cpp
         MyForm.cpp
     1>c:\users\oleg\documents\visual studio 2013\projects\simplyserver\simplyserver\tth/MerkleTree.h(51): error C2143: syntax error : missing ';' before '<'
                 c:\users\oleg\documents\visual studio 2013\projects\simplyserver\simplyserver\tth/MerkleTree.h(396) : see reference to class template instantiation 'MerkleTree<Hasher,baseBlockSize>' being compiled
     1>c:\users\oleg\documents\visual studio 2013\projects\simplyserver\simplyserver\tth/MerkleTree.h(51): error C4430: missing type specifier - int assumed. Note: C++ does not support default-int
     1>c:\users\oleg\documents\visual studio 2013\projects\simplyserver\simplyserver\tth/MerkleTree.h(51): error C2238: unexpected token(s) preceding ';'
     1>c:\users\oleg\documents\visual studio 2013\projects\simplyserver\simplyserver\tth/MerkleTree.h(217): error C2143: syntax error : missing ';' before '&'
     1>c:\users\oleg\documents\visual studio 2013\projects\simplyserver\simplyserver\tth/MerkleTree.h(217): error C4430: missing type specifier - int assumed. Note: C++ does not support default-int
     1>c:\users\oleg\documents\visual studio 2013\projects\simplyserver\simplyserver\tth/MerkleTree.h(218): error C4430: missing type specifier - int assumed. Note: C++ does not support default-int
     1>c:\users\oleg\documents\visual studio 2013\projects\simplyserver\simplyserver\tth/MerkleTree.h(220): warning C4183: 'getLeaves': missing return type; assumed to be a member function returning 'int'
     1>c:\users\oleg\documents\visual studio 2013\projects\simplyserver\simplyserver\tth/MerkleTree.h(221): error C4430: missing type specifier - int assumed. Note: C++ does not support default-int
     1>c:\users\oleg\documents\visual studio 2013\projects\simplyserver\simplyserver\tth/MerkleTree.h(221): error C2143: syntax error : missing ';' before '&'
     1>c:\users\oleg\documents\visual studio 2013\projects\simplyserver\simplyserver\tth/MerkleTree.h(222): error C4430: missing type specifier - int assumed. Note: C++ does not support default-int
     1>c:\users\oleg\documents\visual studio 2013\projects\simplyserver\simplyserver\tth/MerkleTree.h(224): warning C4183: 'getLeaves': missing return type; assumed to be a member function returning 'int'
     1>c:\users\oleg\documents\visual studio 2013\projects\simplyserver\simplyserver\tth/MerkleTree.h(254): error C2146: syntax error : missing ';' before identifier 'getLeafData'
     1>c:\users\oleg\documents\visual studio 2013\projects\simplyserver\simplyserver\tth/MerkleTree.h(254): error C4430: missing type specifier - int assumed. Note: C++ does not support default-int
     1>c:\users\oleg\documents\visual studio 2013\projects\simplyserver\simplyserver\tth/MerkleTree.h(255): error C4430: missing type specifier - int assumed. Note: C++ does not support default-int
     1>c:\users\oleg\documents\visual studio 2013\projects\simplyserver\simplyserver\tth/MerkleTree.h(269): warning C4183: 'getLeafData': missing return type; assumed to be a member function returning 'int'
     1>c:\users\oleg\documents\visual studio 2013\projects\simplyserver\simplyserver\tth/MerkleTree.h(272): error C2143: syntax error : missing ';' before '<'
     1>c:\users\oleg\documents\visual studio 2013\projects\simplyserver\simplyserver\tth/MerkleTree.h(272): error C4430: missing type specifier - int assumed. Note: C++ does not support default-int
     1>c:\users\oleg\documents\visual studio 2013\projects\simplyserver\simplyserver\tth/MerkleTree.h(272): error C2238: unexpected token(s) preceding ';'
     1>c:\users\oleg\documents\visual studio 2013\projects\simplyserver\simplyserver\tth/MerkleTree.h(273): error C2059: syntax error : '<'
     1>c:\users\oleg\documents\visual studio 2013\projects\simplyserver\simplyserver\tth/MerkleTree.h(273): error C2238: unexpected token(s) preceding ';'
     1>c:\users\oleg\documents\visual studio 2013\projects\simplyserver\simplyserver\tth/MerkleTree.h(275): error C2146: syntax error : missing ';' before identifier 'blocks'
     1>c:\users\oleg\documents\visual studio 2013\projects\simplyserver\simplyserver\tth/MerkleTree.h(275): error C4430: missing type specifier - int assumed. Note: C++ does not support default-int
     1>c:\users\oleg\documents\visual studio 2013\projects\simplyserver\simplyserver\tth/MerkleTree.h(277): error C2146: syntax error : missing ';' before identifier 'leaves'
     1>c:\users\oleg\documents\visual studio 2013\projects\simplyserver\simplyserver\tth/MerkleTree.h(277): error C4430: missing type specifier - int assumed. Note: C++ does not support default-int
     1>c:\users\oleg\documents\visual studio 2013\projects\simplyserver\simplyserver\tth/MerkleTree.h(218): warning C4183: 'getLeaves': missing return type; assumed to be a member function returning 'int'
     1>c:\users\oleg\documents\visual studio 2013\projects\simplyserver\simplyserver\tth/MerkleTree.h(222): warning C4183: 'getLeaves': missing return type; assumed to be a member function returning 'int'
     1>c:\users\oleg\documents\visual studio 2013\projects\simplyserver\simplyserver\tth/MerkleTree.h(255): warning C4183: 'getLeafData': missing return type; assumed to be a member function returning 'int'
     1>Done Building Project "C:\Users\Oleg\documents\visual studio 2013\Projects\SimplyServer\SimplyServer\SimplyServer.vcxproj" (Build target(s)) -- FAILED.

Build FAILED.

Time Elapsed 00:00:01.24
